<?xml version="1.0" encoding="UTF-8"?>
<coverage generated="1679324209100" clover="3.2.0">
  <project timestamp="1679324209100" name="All files">
    <metrics statements="12" coveredstatements="12" conditionals="2" coveredconditionals="2" methods="6" coveredmethods="6" elements="20" coveredelements="20" complexity="0" loc="12" ncloc="12" packages="1" files="2" classes="2"/>
    <file name="game-service.ts" path="/Users/jntn/Development/bbva/pwa-autoclicker/src/services/game-service.ts">
      <metrics statements="5" coveredstatements="5" conditionals="0" coveredconditionals="0" methods="2" coveredmethods="2"/>
      <line num="4" count="1" type="stmt"/>
      <line num="12" count="2" type="stmt"/>
      <line num="13" count="2" type="stmt"/>
      <line num="14" count="2" type="stmt"/>
      <line num="23" count="1" type="stmt"/>
    </file>
    <file name="storage-service.ts" path="/Users/jntn/Development/bbva/pwa-autoclicker/src/services/storage-service.ts">
      <metrics statements="7" coveredstatements="7" conditionals="2" coveredconditionals="2" methods="4" coveredmethods="4"/>
      <line num="7" count="2" type="stmt"/>
      <line num="8" count="2" type="stmt"/>
      <line num="16" count="2" type="stmt"/>
      <line num="17" count="2" type="cond" truecount="2" falsecount="0"/>
      <line num="18" count="2" type="stmt"/>
      <line num="26" count="1" type="stmt"/>
      <line num="33" count="1" type="stmt"/>
    </file>
  </project>
</coverage>
