{"/Users/jntn/Development/bbva/pwa-autoclicker/src/services/game-service.ts": {"path":"/Users/jntn/Development/bbva/pwa-autoclicker/src/services/game-service.ts","statementMap":{"0":{"start":{"line":4,"column":35},"end":{"line":4,"column":37}},"1":{"start":{"line":12,"column":36},"end":{"line":12,"column":55}},"2":{"start":{"line":13,"column":21},"end":{"line":13,"column":80}},"3":{"start":{"line":14,"column":8},"end":{"line":14,"column":20}},"4":{"start":{"line":23,"column":8},"end":{"line":23,"column":49}}},"fnMap":{"0":{"name":"(anonymous_0)","decl":{"start":{"line":11,"column":4},"end":{"line":11,"column":5}},"loc":{"start":{"line":11,"column":61},"end":{"line":15,"column":5}},"line":11},"1":{"name":"(anonymous_1)","decl":{"start":{"line":22,"column":4},"end":{"line":22,"column":5}},"loc":{"start":{"line":22,"column":83},"end":{"line":24,"column":5}},"line":22}},"branchMap":{},"s":{"0":1,"1":2,"2":2,"3":2,"4":1},"f":{"0":2,"1":1},"b":{},"_coverageSchema":"1a1c01bbd47fc00a2c39e90264f33305004495a9","hash":"57a66feadb3bf6ec1c7c5827caf0fbc5a970514c"}
,"/Users/jntn/Development/bbva/pwa-autoclicker/src/services/storage-service.ts": {"path":"/Users/jntn/Development/bbva/pwa-autoclicker/src/services/storage-service.ts","statementMap":{"0":{"start":{"line":7,"column":27},"end":{"line":7,"column":49}},"1":{"start":{"line":8,"column":8},"end":{"line":8,"column":67}},"2":{"start":{"line":16,"column":26},"end":{"line":16,"column":43}},"3":{"start":{"line":17,"column":21},"end":{"line":17,"column":138}},"4":{"start":{"line":18,"column":8},"end":{"line":18,"column":32}},"5":{"start":{"line":26,"column":8},"end":{"line":26,"column":55}},"6":{"start":{"line":33,"column":8},"end":{"line":33,"column":48}}},"fnMap":{"0":{"name":"(anonymous_0)","decl":{"start":{"line":6,"column":4},"end":{"line":6,"column":5}},"loc":{"start":{"line":6,"column":39},"end":{"line":9,"column":5}},"line":6},"1":{"name":"(anonymous_1)","decl":{"start":{"line":15,"column":4},"end":{"line":15,"column":5}},"loc":{"start":{"line":15,"column":41},"end":{"line":19,"column":5}},"line":15},"2":{"name":"(anonymous_2)","decl":{"start":{"line":25,"column":4},"end":{"line":25,"column":5}},"loc":{"start":{"line":25,"column":52},"end":{"line":27,"column":5}},"line":25},"3":{"name":"(anonymous_3)","decl":{"start":{"line":32,"column":4},"end":{"line":32,"column":5}},"loc":{"start":{"line":32,"column":31},"end":{"line":34,"column":5}},"line":32}},"branchMap":{"0":{"loc":{"start":{"line":17,"column":21},"end":{"line":17,"column":138}},"type":"binary-expr","locations":[{"start":{"line":17,"column":21},"end":{"line":17,"column":52}},{"start":{"line":17,"column":56},"end":{"line":17,"column":138}}],"line":17}},"s":{"0":2,"1":2,"2":2,"3":2,"4":2,"5":1,"6":1},"f":{"0":2,"1":2,"2":1,"3":1},"b":{"0":[2,1]},"_coverageSchema":"1a1c01bbd47fc00a2c39e90264f33305004495a9","hash":"7e0c2aefab8d8d9742a6bf7e0b32af739bf9ca83"}
}
